  Alfil.cpp
  Caballo.cpp
  Casilla.cpp
  Movimiento.cpp
  Mundo.cpp
C:\TRABAJIO INFO 2023\Trabajo_3\Proyecto-Informatica-Industrial-main\Proyecto-Informatica-Industrial-main\src\Mundo.cpp(10,13): warning C4244: 'inicializando': conversión de 'double' a 'float'; posible pérdida de datos
C:\TRABAJIO INFO 2023\Trabajo_3\Proyecto-Informatica-Industrial-main\Proyecto-Informatica-Industrial-main\src\Mundo.cpp(11,12): warning C4244: 'inicializando': conversión de 'double' a 'float'; posible pérdida de datos
C:\TRABAJIO INFO 2023\Trabajo_3\Proyecto-Informatica-Industrial-main\Proyecto-Informatica-Industrial-main\src\Mundo.cpp(13,15): warning C4244: '=': conversión de 'double' a 'float'; posible pérdida de datos
C:\TRABAJIO INFO 2023\Trabajo_3\Proyecto-Informatica-Industrial-main\Proyecto-Informatica-Industrial-main\src\Mundo.cpp(14,15): warning C4244: '=': conversión de 'double' a 'float'; posible pérdida de datos
  Ajedrez.cpp
  Peon.cpp
  Pieza.cpp
  Reina.cpp
  Rey.cpp
  Tablero.cpp
C:\TRABAJIO INFO 2023\Trabajo_3\Proyecto-Informatica-Industrial-main\Proyecto-Informatica-Industrial-main\src\Tablero.cpp(11,42): warning C4244: 'argumento': conversión de 'int' a 'float'; posible pérdida de datos
C:\TRABAJIO INFO 2023\Trabajo_3\Proyecto-Informatica-Industrial-main\Proyecto-Informatica-Industrial-main\src\Tablero.cpp(11,29): warning C4244: 'argumento': conversión de 'int' a 'float'; posible pérdida de datos
C:\TRABAJIO INFO 2023\Trabajo_3\Proyecto-Informatica-Industrial-main\Proyecto-Informatica-Industrial-main\src\Tablero.cpp(41,32): warning C4244: 'argumento': conversión de 'int' a 'float'; posible pérdida de datos
C:\TRABAJIO INFO 2023\Trabajo_3\Proyecto-Informatica-Industrial-main\Proyecto-Informatica-Industrial-main\src\Tablero.cpp(90,31): warning C4244: 'argumento': conversión de 'int' a 'float'; posible pérdida de datos
  Torre.cpp
  Vector2D.cpp
  Generando código...
  Pang.vcxproj -> C:\TRABAJIO INFO 2023\Trabajo_3\Proyecto-Informatica-Industrial-main\Proyecto-Informatica-Industrial-main\bin\Ajedrez.exe
