  Movimientos.cpp
C:\Users\Realorth\Desktop\2023 - Informática Industrial y Comunic\Trabajo, material grupo\ultimorepo\src\Pieza.h(8,46): warning C4091: 'typedef ': se ha omitido a la izquierda de 'Color' cuando no hay ninguna variable declarada
C:\Users\Realorth\Desktop\2023 - Informática Industrial y Comunic\Trabajo, material grupo\ultimorepo\src\Pieza.h(9,44): warning C4091: 'typedef ': se ha omitido a la izquierda de 'Tipo' cuando no hay ninguna variable declarada
C:\Users\Realorth\Desktop\2023 - Informática Industrial y Comunic\Trabajo, material grupo\ultimorepo\src\Movimientos.cpp(64,39): warning C4244: 'argumento': conversión de 'GLdouble' a 'float'; posible pérdida de datos
C:\Users\Realorth\Desktop\2023 - Informática Industrial y Comunic\Trabajo, material grupo\ultimorepo\src\Movimientos.cpp(64,33): warning C4244: 'argumento': conversión de 'GLdouble' a 'float'; posible pérdida de datos
C:\Users\Realorth\Desktop\2023 - Informática Industrial y Comunic\Trabajo, material grupo\ultimorepo\src\Movimientos.cpp(731,9): warning C4244: 'inicializando': conversión de 'float' a 'int'; posible pérdida de datos
C:\Users\Realorth\Desktop\2023 - Informática Industrial y Comunic\Trabajo, material grupo\ultimorepo\src\Movimientos.cpp(750,9): warning C4244: 'inicializando': conversión de 'float' a 'int'; posible pérdida de datos
C:\Users\Realorth\Desktop\2023 - Informática Industrial y Comunic\Trabajo, material grupo\ultimorepo\src\Movimientos.cpp(772,13): warning C4244: 'inicializando': conversión de 'float' a 'int'; posible pérdida de datos
C:\Users\Realorth\Desktop\2023 - Informática Industrial y Comunic\Trabajo, material grupo\ultimorepo\src\Movimientos.cpp(773,13): warning C4244: 'inicializando': conversión de 'float' a 'int'; posible pérdida de datos
C:\Users\Realorth\Desktop\2023 - Informática Industrial y Comunic\Trabajo, material grupo\ultimorepo\src\Movimientos.cpp(780,9): warning C4244: 'inicializando': conversión de 'float' a 'int'; posible pérdida de datos
C:\Users\Realorth\Desktop\2023 - Informática Industrial y Comunic\Trabajo, material grupo\ultimorepo\src\Movimientos.cpp(781,9): warning C4244: 'inicializando': conversión de 'float' a 'int'; posible pérdida de datos
C:\Users\Realorth\Desktop\2023 - Informática Industrial y Comunic\Trabajo, material grupo\ultimorepo\src\Movimientos.cpp(804,19): warning C4244: 'inicializando': conversión de 'float' a 'int'; posible pérdida de datos
C:\Users\Realorth\Desktop\2023 - Informática Industrial y Comunic\Trabajo, material grupo\ultimorepo\src\Movimientos.cpp(805,19): warning C4244: 'inicializando': conversión de 'float' a 'int'; posible pérdida de datos
C:\Users\Realorth\Desktop\2023 - Informática Industrial y Comunic\Trabajo, material grupo\ultimorepo\src\Movimientos.cpp(818,18): warning C4244: 'inicializando': conversión de 'float' a 'int'; posible pérdida de datos
C:\Users\Realorth\Desktop\2023 - Informática Industrial y Comunic\Trabajo, material grupo\ultimorepo\src\Movimientos.cpp(819,21): warning C4244: 'inicializando': conversión de 'float' a 'int'; posible pérdida de datos
C:\Users\Realorth\Desktop\2023 - Informática Industrial y Comunic\Trabajo, material grupo\ultimorepo\src\Movimientos.cpp(830,19): warning C4244: 'inicializando': conversión de 'float' a 'int'; posible pérdida de datos
C:\Users\Realorth\Desktop\2023 - Informática Industrial y Comunic\Trabajo, material grupo\ultimorepo\src\Movimientos.cpp(831,22): warning C4244: 'inicializando': conversión de 'float' a 'int'; posible pérdida de datos
C:\Users\Realorth\Desktop\2023 - Informática Industrial y Comunic\Trabajo, material grupo\ultimorepo\src\Movimientos.cpp(833,19): warning C4244: 'inicializando': conversión de 'float' a 'int'; posible pérdida de datos
C:\Users\Realorth\Desktop\2023 - Informática Industrial y Comunic\Trabajo, material grupo\ultimorepo\src\Movimientos.cpp(834,22): warning C4244: 'inicializando': conversión de 'float' a 'int'; posible pérdida de datos
C:\Users\Realorth\Desktop\2023 - Informática Industrial y Comunic\Trabajo, material grupo\ultimorepo\src\Movimientos.cpp(837,16): warning C4244: 'inicializando': conversión de 'float' a 'int'; posible pérdida de datos
C:\Users\Realorth\Desktop\2023 - Informática Industrial y Comunic\Trabajo, material grupo\ultimorepo\src\Movimientos.cpp(838,19): warning C4244: 'inicializando': conversión de 'float' a 'int'; posible pérdida de datos
C:\Users\Realorth\Desktop\2023 - Informática Industrial y Comunic\Trabajo, material grupo\ultimorepo\src\Movimientos.cpp(840,16): warning C4244: 'inicializando': conversión de 'float' a 'int'; posible pérdida de datos
C:\Users\Realorth\Desktop\2023 - Informática Industrial y Comunic\Trabajo, material grupo\ultimorepo\src\Movimientos.cpp(841,19): warning C4244: 'inicializando': conversión de 'float' a 'int'; posible pérdida de datos
C:\Users\Realorth\Desktop\2023 - Informática Industrial y Comunic\Trabajo, material grupo\ultimorepo\src\Movimientos.cpp(954,13): warning C4804: '<=': uso no seguro del tipo 'bool' en la operación
C:\Users\Realorth\Desktop\2023 - Informática Industrial y Comunic\Trabajo, material grupo\ultimorepo\src\Movimientos.cpp(995,13): warning C4804: '<=': uso no seguro del tipo 'bool' en la operación
C:\Users\Realorth\Desktop\2023 - Informática Industrial y Comunic\Trabajo, material grupo\ultimorepo\src\Movimientos.cpp(1579,45): warning C4244: 'argumento': conversión de 'int' a 'float'; posible pérdida de datos
C:\Users\Realorth\Desktop\2023 - Informática Industrial y Comunic\Trabajo, material grupo\ultimorepo\src\Movimientos.cpp(1589,47): warning C4244: 'argumento': conversión de 'int' a 'float'; posible pérdida de datos
C:\Users\Realorth\Desktop\2023 - Informática Industrial y Comunic\Trabajo, material grupo\ultimorepo\src\Movimientos.cpp(1599,49): warning C4244: 'argumento': conversión de 'int' a 'float'; posible pérdida de datos
C:\Users\Realorth\Desktop\2023 - Informática Industrial y Comunic\Trabajo, material grupo\ultimorepo\src\Movimientos.cpp(1608,48): warning C4244: 'argumento': conversión de 'int' a 'float'; posible pérdida de datos
C:\Users\Realorth\Desktop\2023 - Informática Industrial y Comunic\Trabajo, material grupo\ultimorepo\src\Movimientos.cpp(1635,45): warning C4244: 'argumento': conversión de 'int' a 'float'; posible pérdida de datos
C:\Users\Realorth\Desktop\2023 - Informática Industrial y Comunic\Trabajo, material grupo\ultimorepo\src\Movimientos.cpp(1641,45): warning C4244: 'argumento': conversión de 'int' a 'float'; posible pérdida de datos
C:\Users\Realorth\Desktop\2023 - Informática Industrial y Comunic\Trabajo, material grupo\ultimorepo\src\Movimientos.cpp(1650,47): warning C4244: 'argumento': conversión de 'int' a 'float'; posible pérdida de datos
C:\Users\Realorth\Desktop\2023 - Informática Industrial y Comunic\Trabajo, material grupo\ultimorepo\src\Movimientos.cpp(1659,49): warning C4244: 'argumento': conversión de 'int' a 'float'; posible pérdida de datos
C:\Users\Realorth\Desktop\2023 - Informática Industrial y Comunic\Trabajo, material grupo\ultimorepo\src\Movimientos.cpp(1668,48): warning C4244: 'argumento': conversión de 'int' a 'float'; posible pérdida de datos
C:\Users\Realorth\Desktop\2023 - Informática Industrial y Comunic\Trabajo, material grupo\ultimorepo\src\Movimientos.cpp(1694,45): warning C4244: 'argumento': conversión de 'int' a 'float'; posible pérdida de datos
C:\Users\Realorth\Desktop\2023 - Informática Industrial y Comunic\Trabajo, material grupo\ultimorepo\src\Movimientos.cpp(1703,47): warning C4244: 'argumento': conversión de 'int' a 'float'; posible pérdida de datos
C:\Users\Realorth\Desktop\2023 - Informática Industrial y Comunic\Trabajo, material grupo\ultimorepo\src\Movimientos.cpp(1709,47): warning C4244: 'argumento': conversión de 'int' a 'float'; posible pérdida de datos
C:\Users\Realorth\Desktop\2023 - Informática Industrial y Comunic\Trabajo, material grupo\ultimorepo\src\Movimientos.cpp(1718,49): warning C4244: 'argumento': conversión de 'int' a 'float'; posible pérdida de datos
C:\Users\Realorth\Desktop\2023 - Informática Industrial y Comunic\Trabajo, material grupo\ultimorepo\src\Movimientos.cpp(1727,48): warning C4244: 'argumento': conversión de 'int' a 'float'; posible pérdida de datos
C:\Users\Realorth\Desktop\2023 - Informática Industrial y Comunic\Trabajo, material grupo\ultimorepo\src\Movimientos.cpp(1753,45): warning C4244: 'argumento': conversión de 'int' a 'float'; posible pérdida de datos
C:\Users\Realorth\Desktop\2023 - Informática Industrial y Comunic\Trabajo, material grupo\ultimorepo\src\Movimientos.cpp(1762,47): warning C4244: 'argumento': conversión de 'int' a 'float'; posible pérdida de datos
C:\Users\Realorth\Desktop\2023 - Informática Industrial y Comunic\Trabajo, material grupo\ultimorepo\src\Movimientos.cpp(1771,49): warning C4244: 'argumento': conversión de 'int' a 'float'; posible pérdida de datos
C:\Users\Realorth\Desktop\2023 - Informática Industrial y Comunic\Trabajo, material grupo\ultimorepo\src\Movimientos.cpp(1777,49): warning C4244: 'argumento': conversión de 'int' a 'float'; posible pérdida de datos
C:\Users\Realorth\Desktop\2023 - Informática Industrial y Comunic\Trabajo, material grupo\ultimorepo\src\Movimientos.cpp(1786,48): warning C4244: 'argumento': conversión de 'int' a 'float'; posible pérdida de datos
C:\Users\Realorth\Desktop\2023 - Informática Industrial y Comunic\Trabajo, material grupo\ultimorepo\src\Movimientos.cpp(1811,45): warning C4244: 'argumento': conversión de 'int' a 'float'; posible pérdida de datos
C:\Users\Realorth\Desktop\2023 - Informática Industrial y Comunic\Trabajo, material grupo\ultimorepo\src\Movimientos.cpp(1820,47): warning C4244: 'argumento': conversión de 'int' a 'float'; posible pérdida de datos
C:\Users\Realorth\Desktop\2023 - Informática Industrial y Comunic\Trabajo, material grupo\ultimorepo\src\Movimientos.cpp(1829,49): warning C4244: 'argumento': conversión de 'int' a 'float'; posible pérdida de datos
C:\Users\Realorth\Desktop\2023 - Informática Industrial y Comunic\Trabajo, material grupo\ultimorepo\src\Movimientos.cpp(1838,48): warning C4244: 'argumento': conversión de 'int' a 'float'; posible pérdida de datos
C:\Users\Realorth\Desktop\2023 - Informática Industrial y Comunic\Trabajo, material grupo\ultimorepo\src\Movimientos.cpp(1860,46): warning C4244: 'argumento': conversión de 'int' a 'float'; posible pérdida de datos
C:\Users\Realorth\Desktop\2023 - Informática Industrial y Comunic\Trabajo, material grupo\ultimorepo\src\Movimientos.cpp(1871,48): warning C4244: 'argumento': conversión de 'int' a 'float'; posible pérdida de datos
C:\Users\Realorth\Desktop\2023 - Informática Industrial y Comunic\Trabajo, material grupo\ultimorepo\src\Movimientos.cpp(1882,50): warning C4244: 'argumento': conversión de 'int' a 'float'; posible pérdida de datos
C:\Users\Realorth\Desktop\2023 - Informática Industrial y Comunic\Trabajo, material grupo\ultimorepo\src\Movimientos.cpp(1893,49): warning C4244: 'argumento': conversión de 'int' a 'float'; posible pérdida de datos
C:\Users\Realorth\Desktop\2023 - Informática Industrial y Comunic\Trabajo, material grupo\ultimorepo\src\Movimientos.cpp(1928,46): warning C4244: 'argumento': conversión de 'int' a 'float'; posible pérdida de datos
C:\Users\Realorth\Desktop\2023 - Informática Industrial y Comunic\Trabajo, material grupo\ultimorepo\src\Movimientos.cpp(1940,48): warning C4244: 'argumento': conversión de 'int' a 'float'; posible pérdida de datos
C:\Users\Realorth\Desktop\2023 - Informática Industrial y Comunic\Trabajo, material grupo\ultimorepo\src\Movimientos.cpp(1950,49): warning C4244: 'argumento': conversión de 'int' a 'float'; posible pérdida de datos
C:\Users\Realorth\Desktop\2023 - Informática Industrial y Comunic\Trabajo, material grupo\ultimorepo\src\Movimientos.cpp(1959,48): warning C4244: 'argumento': conversión de 'int' a 'float'; posible pérdida de datos
C:\Users\Realorth\Desktop\2023 - Informática Industrial y Comunic\Trabajo, material grupo\ultimorepo\src\Movimientos.cpp(1986,45): warning C4244: 'argumento': conversión de 'int' a 'float'; posible pérdida de datos
C:\Users\Realorth\Desktop\2023 - Informática Industrial y Comunic\Trabajo, material grupo\ultimorepo\src\Movimientos.cpp(1996,47): warning C4244: 'argumento': conversión de 'int' a 'float'; posible pérdida de datos
C:\Users\Realorth\Desktop\2023 - Informática Industrial y Comunic\Trabajo, material grupo\ultimorepo\src\Movimientos.cpp(2002,47): warning C4244: 'argumento': conversión de 'int' a 'float'; posible pérdida de datos
C:\Users\Realorth\Desktop\2023 - Informática Industrial y Comunic\Trabajo, material grupo\ultimorepo\src\Movimientos.cpp(2012,49): warning C4244: 'argumento': conversión de 'int' a 'float'; posible pérdida de datos
C:\Users\Realorth\Desktop\2023 - Informática Industrial y Comunic\Trabajo, material grupo\ultimorepo\src\Movimientos.cpp(2021,48): warning C4244: 'argumento': conversión de 'int' a 'float'; posible pérdida de datos
C:\Users\Realorth\Desktop\2023 - Informática Industrial y Comunic\Trabajo, material grupo\ultimorepo\src\Movimientos.cpp(2051,45): warning C4244: 'argumento': conversión de 'int' a 'float'; posible pérdida de datos
C:\Users\Realorth\Desktop\2023 - Informática Industrial y Comunic\Trabajo, material grupo\ultimorepo\src\Movimientos.cpp(2060,47): warning C4244: 'argumento': conversión de 'int' a 'float'; posible pérdida de datos
C:\Users\Realorth\Desktop\2023 - Informática Industrial y Comunic\Trabajo, material grupo\ultimorepo\src\Movimientos.cpp(2069,49): warning C4244: 'argumento': conversión de 'int' a 'float'; posible pérdida de datos
C:\Users\Realorth\Desktop\2023 - Informática Industrial y Comunic\Trabajo, material grupo\ultimorepo\src\Movimientos.cpp(2075,49): warning C4244: 'argumento': conversión de 'int' a 'float'; posible pérdida de datos
C:\Users\Realorth\Desktop\2023 - Informática Industrial y Comunic\Trabajo, material grupo\ultimorepo\src\Movimientos.cpp(2084,48): warning C4244: 'argumento': conversión de 'int' a 'float'; posible pérdida de datos
C:\Users\Realorth\Desktop\2023 - Informática Industrial y Comunic\Trabajo, material grupo\ultimorepo\src\Movimientos.cpp(2109,45): warning C4244: 'argumento': conversión de 'int' a 'float'; posible pérdida de datos
C:\Users\Realorth\Desktop\2023 - Informática Industrial y Comunic\Trabajo, material grupo\ultimorepo\src\Movimientos.cpp(2118,47): warning C4244: 'argumento': conversión de 'int' a 'float'; posible pérdida de datos
C:\Users\Realorth\Desktop\2023 - Informática Industrial y Comunic\Trabajo, material grupo\ultimorepo\src\Movimientos.cpp(2127,49): warning C4244: 'argumento': conversión de 'int' a 'float'; posible pérdida de datos
C:\Users\Realorth\Desktop\2023 - Informática Industrial y Comunic\Trabajo, material grupo\ultimorepo\src\Movimientos.cpp(2136,48): warning C4244: 'argumento': conversión de 'int' a 'float'; posible pérdida de datos
C:\Users\Realorth\Desktop\2023 - Informática Industrial y Comunic\Trabajo, material grupo\ultimorepo\src\Movimientos.cpp(2142,48): warning C4244: 'argumento': conversión de 'int' a 'float'; posible pérdida de datos
C:\Users\Realorth\Desktop\2023 - Informática Industrial y Comunic\Trabajo, material grupo\ultimorepo\src\Movimientos.cpp(2168,46): warning C4244: 'argumento': conversión de 'int' a 'float'; posible pérdida de datos
C:\Users\Realorth\Desktop\2023 - Informática Industrial y Comunic\Trabajo, material grupo\ultimorepo\src\Movimientos.cpp(2179,48): warning C4244: 'argumento': conversión de 'int' a 'float'; posible pérdida de datos
C:\Users\Realorth\Desktop\2023 - Informática Industrial y Comunic\Trabajo, material grupo\ultimorepo\src\Movimientos.cpp(2190,50): warning C4244: 'argumento': conversión de 'int' a 'float'; posible pérdida de datos
C:\Users\Realorth\Desktop\2023 - Informática Industrial y Comunic\Trabajo, material grupo\ultimorepo\src\Movimientos.cpp(2201,49): warning C4244: 'argumento': conversión de 'int' a 'float'; posible pérdida de datos
C:\Users\Realorth\Desktop\2023 - Informática Industrial y Comunic\Trabajo, material grupo\ultimorepo\src\Movimientos.cpp(2232,45): warning C4244: 'argumento': conversión de 'int' a 'float'; posible pérdida de datos
C:\Users\Realorth\Desktop\2023 - Informática Industrial y Comunic\Trabajo, material grupo\ultimorepo\src\Movimientos.cpp(2241,47): warning C4244: 'argumento': conversión de 'int' a 'float'; posible pérdida de datos
C:\Users\Realorth\Desktop\2023 - Informática Industrial y Comunic\Trabajo, material grupo\ultimorepo\src\Movimientos.cpp(2250,49): warning C4244: 'argumento': conversión de 'int' a 'float'; posible pérdida de datos
C:\Users\Realorth\Desktop\2023 - Informática Industrial y Comunic\Trabajo, material grupo\ultimorepo\src\Movimientos.cpp(2260,48): warning C4244: 'argumento': conversión de 'int' a 'float'; posible pérdida de datos
C:\Users\Realorth\Desktop\2023 - Informática Industrial y Comunic\Trabajo, material grupo\ultimorepo\src\Movimientos.cpp(908): warning C4715: 'Movimientos::turnos': no todas las rutas de acceso de control devuelven un valor
C:\Users\Realorth\Desktop\2023 - Informática Industrial y Comunic\Trabajo, material grupo\ultimorepo\src\Movimientos.cpp(917): warning C4715: 'Movimientos::aux_ExisteCeldaSinAliado': no todas las rutas de acceso de control devuelven un valor
C:\Users\Realorth\Desktop\2023 - Informática Industrial y Comunic\Trabajo, material grupo\ultimorepo\src\Movimientos.cpp(1388): warning C4715: 'Movimientos::checkCasillaAmenazada': no todas las rutas de acceso de control devuelven un valor
  Pang.vcxproj -> C:\Users\Realorth\Desktop\2023 - Informática Industrial y Comunic\Trabajo, material grupo\ultimorepo\bin\Ajedrez.exe
